"FreeRTOS Task Aware Debugger for GDB" version 11.2.0 (202008131332)
(c) 2016-2018 NXP Semiconductors, Inc.
==================================
11:27:27.983 INFO: [TadModel] DSF session ID 4 has started.
11:27:33.260 INFO: [TadState] TAD state changed:  DEBUG_STARTED -> DEBUG_INIT_0 (RESUMED, USER_REQUEST)
11:27:33.423 INFO: [TadState] TAD state changed:  DEBUG_INIT_0 -> DEBUG_INIT_1 (SUSPENDED, SIGNAL)
11:27:35.662 INFO: [TadState] TAD state changed:  DEBUG_INIT_1 -> DEBUG_SUSPENDED (RESUMED, USER_REQUEST)
11:27:35.800 INFO: [TadState] TAD state changed:  DEBUG_SUSPENDED -> DEBUG_SUSPENDED (SUSPENDED, BREAKPOINT)
11:27:48.17 INFO: [TadState] TAD state changed:  DEBUG_SUSPENDED -> DEBUG_RESUMED (RESUMED, USER_REQUEST)
11:27:48.294 INFO: [TadState] TAD state changed:  DEBUG_RESUMED -> READY (SUSPENDED, BREAKPOINT)
11:27:49.146 INFO: [TadState] TAD state changed:  READY -> DEBUG_RESUMED (RESUMED, STEP)
11:27:49.724 INFO: [TadState] TAD state changed:  DEBUG_RESUMED -> READY (SUSPENDED, STEP)
11:27:50.560 INFO: [TadState] TAD state changed:  READY -> DEBUG_RESUMED (RESUMED, STEP)
11:27:51.161 INFO: [TadState] TAD state changed:  DEBUG_RESUMED -> READY (SUSPENDED, STEP)
11:27:53.448 INFO: [TadState] TAD state changed:  READY -> DEBUG_RESUMED (RESUMED, USER_REQUEST)
11:27:53.613 INFO: [TadState] TAD state changed:  DEBUG_RESUMED -> READY (SUSPENDED, BREAKPOINT)
11:27:55.33 INFO: [TadState] TAD state changed:  READY -> DEBUG_RESUMED (RESUMED, STEP)
11:27:55.647 INFO: [TadState] TAD state changed:  DEBUG_RESUMED -> READY (SUSPENDED, STEP)
11:27:58.217 INFO: [TadState] TAD state changed:  READY -> DEBUG_RESUMED (RESUMED, STEP)
11:27:58.458 INFO: [TadState] TAD state changed:  DEBUG_RESUMED -> READY (SUSPENDED, STEP)
11:27:59.209 INFO: [TadState] TAD state changed:  READY -> DEBUG_RESUMED (RESUMED, STEP)
11:27:59.551 INFO: [TadState] TAD state changed:  DEBUG_RESUMED -> READY (SUSPENDED, STEP)
11:28:00.55 INFO: [TadState] TAD state changed:  READY -> DEBUG_RESUMED (RESUMED, STEP)
11:28:00.600 INFO: [TadState] TAD state changed:  DEBUG_RESUMED -> READY (SUSPENDED, STEP)
11:28:05.632 INFO: [TadState] TAD state changed:  READY -> DEBUG_RESUMED (RESUMED, USER_REQUEST)
11:28:05.767 INFO: [TadState] TAD state changed:  DEBUG_RESUMED -> READY (SUSPENDED, BREAKPOINT)
11:28:06.840 INFO: [TadState] TAD state changed:  READY -> DEBUG_RESUMED (RESUMED, USER_REQUEST)
11:28:07.93 INFO: [TadState] TAD state changed:  DEBUG_RESUMED -> READY (SUSPENDED, BREAKPOINT)
11:28:07.745 INFO: [TadState] TAD state changed:  READY -> DEBUG_RESUMED (RESUMED, USER_REQUEST)
11:28:08.56 INFO: [TadState] TAD state changed:  DEBUG_RESUMED -> READY (SUSPENDED, BREAKPOINT)
11:28:08.678 INFO: [TadState] TAD state changed:  READY -> DEBUG_RESUMED (RESUMED, USER_REQUEST)
11:28:08.997 INFO: [TadState] TAD state changed:  DEBUG_RESUMED -> READY (SUSPENDED, BREAKPOINT)
11:28:14.505 INFO: [TadState] TAD state changed:  READY -> DEBUG_RESUMED (RESUMED, USER_REQUEST)
11:28:14.758 INFO: [TadState] TAD state changed:  DEBUG_RESUMED -> READY (SUSPENDED, BREAKPOINT)
11:28:16.271 INFO: [TadState] TAD state changed:  READY -> DEBUG_RESUMED (RESUMED, USER_REQUEST)
11:28:16.535 INFO: [TadState] TAD state changed:  DEBUG_RESUMED -> READY (SUSPENDED, BREAKPOINT)
11:28:17.464 INFO: [TadState] TAD state changed:  READY -> DEBUG_RESUMED (RESUMED, USER_REQUEST)
11:28:17.721 INFO: [TadState] TAD state changed:  DEBUG_RESUMED -> READY (SUSPENDED, BREAKPOINT)
11:28:20.520 INFO: [TadState] TAD state changed:  READY -> DEBUG_RESUMED (RESUMED, USER_REQUEST)
11:28:20.803 INFO: [TadState] TAD state changed:  DEBUG_RESUMED -> READY (SUSPENDED, BREAKPOINT)
11:28:22.48 INFO: [TadState] TAD state changed:  READY -> DEBUG_RESUMED (RESUMED, USER_REQUEST)
11:28:22.309 INFO: [TadState] TAD state changed:  DEBUG_RESUMED -> READY (SUSPENDED, BREAKPOINT)
11:28:22.884 INFO: [TadState] TAD state changed:  READY -> DEBUG_RESUMED (RESUMED, USER_REQUEST)
11:28:23.176 INFO: [TadState] TAD state changed:  DEBUG_RESUMED -> READY (SUSPENDED, BREAKPOINT)
11:28:24.64 INFO: [TadState] TAD state changed:  READY -> DEBUG_RESUMED (RESUMED, USER_REQUEST)
11:28:24.320 INFO: [TadState] TAD state changed:  DEBUG_RESUMED -> READY (SUSPENDED, BREAKPOINT)
11:28:25.416 INFO: [TadState] TAD state changed:  READY -> DEBUG_RESUMED (RESUMED, USER_REQUEST)
11:28:25.719 INFO: [TadState] TAD state changed:  DEBUG_RESUMED -> READY (SUSPENDED, BREAKPOINT)
11:28:31.345 INFO: [TadState] TAD state changed:  READY -> DEBUG_RESUMED (RESUMED, USER_REQUEST)
11:28:31.500 INFO: [TadState] TAD state changed:  DEBUG_RESUMED -> READY (SUSPENDED, BREAKPOINT)
11:28:33.672 INFO: [TadState] TAD state changed:  READY -> DEBUG_RESUMED (RESUMED, USER_REQUEST)
11:28:34.03 INFO: [TadState] TAD state changed:  DEBUG_RESUMED -> READY (SUSPENDED, BREAKPOINT)
11:28:34.752 INFO: [TadState] TAD state changed:  READY -> DEBUG_RESUMED (RESUMED, USER_REQUEST)
11:28:35.16 INFO: [TadState] TAD state changed:  DEBUG_RESUMED -> READY (SUSPENDED, BREAKPOINT)
11:28:35.632 INFO: [TadState] TAD state changed:  READY -> DEBUG_RESUMED (RESUMED, USER_REQUEST)
11:28:35.921 INFO: [TadState] TAD state changed:  DEBUG_RESUMED -> READY (SUSPENDED, BREAKPOINT)
11:28:40.129 INFO: [TadState] TAD state changed:  READY -> DEBUG_RESUMED (RESUMED, USER_REQUEST)
11:28:40.431 INFO: [TadState] TAD state changed:  DEBUG_RESUMED -> READY (SUSPENDED, BREAKPOINT)
11:29:21.48 INFO: [TadState] TAD state changed:  READY -> DEBUG_RESUMED (RESUMED, USER_REQUEST)
11:29:21.318 INFO: [TadState] TAD state changed:  DEBUG_RESUMED -> READY (SUSPENDED, BREAKPOINT)
11:29:22.392 INFO: [TadState] TAD state changed:  READY -> DEBUG_RESUMED (RESUMED, USER_REQUEST)
11:29:22.644 INFO: [TadState] TAD state changed:  DEBUG_RESUMED -> READY (SUSPENDED, BREAKPOINT)
11:29:34.920 INFO: [TadState] TAD state changed:  READY -> DEBUG_RESUMED (RESUMED, STEP)
11:29:35.566 INFO: [TadState] TAD state changed:  DEBUG_RESUMED -> READY (SUSPENDED, STEP)
11:29:36.624 INFO: [TadState] TAD state changed:  READY -> DEBUG_RESUMED (RESUMED, STEP)
11:29:37.413 INFO: [TadState] TAD state changed:  DEBUG_RESUMED -> READY (SUSPENDED, STEP)
11:29:38.280 INFO: [TadState] TAD state changed:  READY -> DEBUG_RESUMED (RESUMED, STEP)
11:29:38.525 INFO: [TadState] TAD state changed:  DEBUG_RESUMED -> READY (SUSPENDED, STEP)
11:29:39.712 INFO: [TadState] TAD state changed:  READY -> DEBUG_RESUMED (RESUMED, STEP)
11:29:40.23 INFO: [TadState] TAD state changed:  DEBUG_RESUMED -> READY (SUSPENDED, BREAKPOINT)
11:29:40.513 INFO: [TadState] TAD state changed:  READY -> DEBUG_RESUMED (RESUMED, STEP)
11:29:41.219 INFO: [TadState] TAD state changed:  DEBUG_RESUMED -> READY (SUSPENDED, STEP)
11:30:24.264 INFO: [TadState] TAD state changed:  READY -> DEBUG_RESUMED (RESUMED, USER_REQUEST)
11:30:24.408 INFO: [TadState] TAD state changed:  DEBUG_RESUMED -> READY (SUSPENDED, BREAKPOINT)
11:30:25.184 INFO: [TadState] TAD state changed:  READY -> DEBUG_RESUMED (RESUMED, USER_REQUEST)
11:30:25.439 INFO: [TadState] TAD state changed:  DEBUG_RESUMED -> READY (SUSPENDED, BREAKPOINT)
11:30:33.79 INFO: [TadState] TAD state changed:  READY -> DEBUG_RESUMED (RESUMED, USER_REQUEST)
11:30:33.340 INFO: [TadState] TAD state changed:  DEBUG_RESUMED -> READY (SUSPENDED, BREAKPOINT)
11:30:36.63 INFO: [TadState] TAD state changed:  READY -> DEBUG_RESUMED (RESUMED, USER_REQUEST)
11:30:36.316 INFO: [TadState] TAD state changed:  DEBUG_RESUMED -> READY (SUSPENDED, BREAKPOINT)
11:30:36.855 INFO: [TadState] TAD state changed:  READY -> DEBUG_RESUMED (RESUMED, USER_REQUEST)
11:30:37.162 INFO: [TadState] TAD state changed:  DEBUG_RESUMED -> READY (SUSPENDED, BREAKPOINT)
11:30:39.96 INFO: [TadState] TAD state changed:  READY -> DEBUG_RESUMED (RESUMED, USER_REQUEST)
11:30:42.489 INFO: [TadState] TAD state changed:  DEBUG_RESUMED -> READY (SUSPENDED, SIGNAL)
11:30:52.08 INFO: [TadState] TAD state changed:  READY -> DEBUG_RESUMED (RESUMED, USER_REQUEST)
11:30:53.09 INFO: [TadState] TAD state changed:  DEBUG_RESUMED -> READY (SUSPENDED, SIGNAL)
11:31:26.250 INFO: [TadModel] DSF session ID 4 has ended.
